[0.128s] DEBUG:colcon:Command line arguments: ['/usr/bin/colcon', 'build', '--packages-select', 'ros2_bridge_test']
[0.128s] DEBUG:colcon:Parsed command line arguments: Namespace(ament_cmake_args=None, base_paths=['.'], build_base='build', catkin_cmake_args=None, catkin_skip_building_tests=False, cmake_args=None, cmake_clean_cache=False, cmake_clean_first=False, cmake_force_configure=False, cmake_target=None, cmake_target_skip_unavailable=False, continue_on_error=False, event_handlers=None, executor='parallel', ignore_user_meta=False, install_base='install', log_base=None, log_level=None, main=<bound method BuildVerb.main of <colcon_core.verb.build.BuildVerb object at 0x7fcb94805cc0>>, merge_install=False, metas=['./colcon.meta'], packages_above=None, packages_above_depth=None, packages_end=None, packages_ignore=None, packages_ignore_regex=None, packages_select=['ros2_bridge_test'], packages_select_build_failed=False, packages_select_by_dep=None, packages_select_regex=None, packages_select_test_failures=False, packages_skip=None, packages_skip_build_finished=False, packages_skip_by_dep=None, packages_skip_regex=None, packages_skip_test_passed=False, packages_skip_up_to=None, packages_start=None, packages_up_to=None, parallel_workers=12, paths=None, symlink_install=False, test_result_base=None, verb_extension=<colcon_core.verb.build.BuildVerb object at 0x7fcb94805cc0>, verb_name='build', verb_parser=<colcon_defaults.argument_parser.defaults.DefaultArgumentsDecorator object at 0x7fcb94811048>)
[0.160s] Level 1:colcon.colcon_core.package_discovery:discover_packages(colcon_meta) check parameters
[0.160s] Level 1:colcon.colcon_core.package_discovery:discover_packages(recursive) check parameters
[0.160s] Level 1:colcon.colcon_core.package_discovery:discover_packages(ignore) check parameters
[0.160s] Level 1:colcon.colcon_core.package_discovery:discover_packages(path) check parameters
[0.160s] Level 1:colcon.colcon_core.package_discovery:discover_packages(colcon_meta) discover
[0.160s] Level 1:colcon.colcon_core.package_discovery:discover_packages(recursive) discover
[0.160s] INFO:colcon.colcon_core.package_discovery:Crawling recursively for packages in '/home/amartya/dev_ws/src/ros2_bridge_test'
[0.160s] Level 1:colcon.colcon_core.package_identification:_identify(.) by extensions ['ignore', 'ignore_ament_install']
[0.161s] Level 1:colcon.colcon_core.package_identification:_identify(.) by extension 'ignore'
[0.161s] Level 1:colcon.colcon_core.package_identification:_identify(.) by extension 'ignore_ament_install'
[0.161s] Level 1:colcon.colcon_core.package_identification:_identify(.) by extensions ['colcon_pkg']
[0.161s] Level 1:colcon.colcon_core.package_identification:_identify(.) by extension 'colcon_pkg'
[0.161s] Level 1:colcon.colcon_core.package_identification:_identify(.) by extensions ['colcon_meta']
[0.161s] Level 1:colcon.colcon_core.package_identification:_identify(.) by extension 'colcon_meta'
[0.161s] Level 1:colcon.colcon_core.package_identification:_identify(.) by extensions ['ros']
[0.161s] Level 1:colcon.colcon_core.package_identification:_identify(.) by extension 'ros'
[0.173s] DEBUG:colcon.colcon_core.package_identification:Package '.' with type 'ros.ament_cmake' and name 'ros2_bridge_test'
[0.173s] Level 1:colcon.colcon_core.package_discovery:discover_packages(recursive) using defaults
[0.174s] Level 1:colcon.colcon_core.package_discovery:discover_packages(ignore) discover
[0.174s] Level 1:colcon.colcon_core.package_discovery:discover_packages(ignore) using defaults
[0.174s] Level 1:colcon.colcon_core.package_discovery:discover_packages(path) discover
[0.174s] Level 1:colcon.colcon_core.package_discovery:discover_packages(path) using defaults
[0.178s] Level 5:colcon.colcon_core.verb:set package 'ros2_bridge_test' build argument 'cmake_args' from command line to 'None'
[0.178s] Level 5:colcon.colcon_core.verb:set package 'ros2_bridge_test' build argument 'cmake_target' from command line to 'None'
[0.178s] Level 5:colcon.colcon_core.verb:set package 'ros2_bridge_test' build argument 'cmake_target_skip_unavailable' from command line to 'False'
[0.178s] Level 5:colcon.colcon_core.verb:set package 'ros2_bridge_test' build argument 'cmake_clean_cache' from command line to 'False'
[0.178s] Level 5:colcon.colcon_core.verb:set package 'ros2_bridge_test' build argument 'cmake_clean_first' from command line to 'False'
[0.178s] Level 5:colcon.colcon_core.verb:set package 'ros2_bridge_test' build argument 'cmake_force_configure' from command line to 'False'
[0.178s] Level 5:colcon.colcon_core.verb:set package 'ros2_bridge_test' build argument 'ament_cmake_args' from command line to 'None'
[0.179s] Level 5:colcon.colcon_core.verb:set package 'ros2_bridge_test' build argument 'catkin_cmake_args' from command line to 'None'
[0.179s] Level 5:colcon.colcon_core.verb:set package 'ros2_bridge_test' build argument 'catkin_skip_building_tests' from command line to 'False'
[0.179s] DEBUG:colcon.colcon_core.verb:Building package 'ros2_bridge_test' with the following arguments: {'ament_cmake_args': None, 'build_base': '/home/amartya/dev_ws/src/ros2_bridge_test/build/ros2_bridge_test', 'catkin_cmake_args': None, 'catkin_skip_building_tests': False, 'cmake_args': None, 'cmake_clean_cache': False, 'cmake_clean_first': False, 'cmake_force_configure': False, 'cmake_target': None, 'cmake_target_skip_unavailable': False, 'install_base': '/home/amartya/dev_ws/src/ros2_bridge_test/install/ros2_bridge_test', 'merge_install': False, 'path': '/home/amartya/dev_ws/src/ros2_bridge_test', 'symlink_install': False, 'test_result_base': None}
[0.179s] INFO:colcon.colcon_core.executor:Executing jobs using 'parallel' executor
[0.180s] DEBUG:colcon.colcon_parallel_executor.executor.parallel:run_until_complete
[0.181s] INFO:colcon.colcon_ros.task.ament_cmake.build:Building ROS package in '/home/amartya/dev_ws/src/ros2_bridge_test' with build type 'ament_cmake'
[0.184s] INFO:colcon.colcon_core.plugin_system:Skipping extension 'colcon_core.shell.bat': Not used on non-Windows systems
[0.184s] INFO:colcon.colcon_cmake.task.cmake.build:Building CMake package in '/home/amartya/dev_ws/src/ros2_bridge_test'
[0.185s] INFO:colcon.colcon_core.shell:Skip shell extension 'powershell' for command environment: Not usable outside of PowerShell
[0.185s] DEBUG:colcon.colcon_core.shell:Skip shell extension 'dsv' for command environment
[0.187s] DEBUG:colcon.colcon_core.shell:Ignoring prefix path '/opt/ros/eloquent'
[0.194s] DEBUG:colcon.colcon_core.event_handler.log_command:Invoking command in '/home/amartya/dev_ws/src/ros2_bridge_test/build/ros2_bridge_test': CMAKE_PREFIX_PATH=${CMAKE_PREFIX_PATH}:/opt/ros/eloquent /usr/bin/cmake --build /home/amartya/dev_ws/src/ros2_bridge_test/build/ros2_bridge_test -- -j12 -l12
[4.455s] DEBUG:colcon.colcon_core.event_handler.log_command:Invoked command in '/home/amartya/dev_ws/src/ros2_bridge_test/build/ros2_bridge_test' returned '0': CMAKE_PREFIX_PATH=${CMAKE_PREFIX_PATH}:/opt/ros/eloquent /usr/bin/cmake --build /home/amartya/dev_ws/src/ros2_bridge_test/build/ros2_bridge_test -- -j12 -l12
[4.489s] DEBUG:colcon.colcon_core.event_handler.log_command:Invoking command in '/home/amartya/dev_ws/src/ros2_bridge_test/build/ros2_bridge_test': CMAKE_PREFIX_PATH=${CMAKE_PREFIX_PATH}:/opt/ros/eloquent /usr/bin/cmake --build /home/amartya/dev_ws/src/ros2_bridge_test/build/ros2_bridge_test --target install -- -j12 -l12
[4.617s] Level 1:colcon.colcon_core.environment:create_environment_scripts_only(ros2_bridge_test)
[4.618s] DEBUG:colcon.colcon_core.event_handler.log_command:Invoked command in '/home/amartya/dev_ws/src/ros2_bridge_test/build/ros2_bridge_test' returned '0': CMAKE_PREFIX_PATH=${CMAKE_PREFIX_PATH}:/opt/ros/eloquent /usr/bin/cmake --build /home/amartya/dev_ws/src/ros2_bridge_test/build/ros2_bridge_test --target install -- -j12 -l12
[4.621s] Level 1:colcon.colcon_core.environment:checking '/home/amartya/dev_ws/src/ros2_bridge_test/install/ros2_bridge_test' for CMake module files
[4.621s] Level 1:colcon.colcon_core.environment:checking '/home/amartya/dev_ws/src/ros2_bridge_test/install/ros2_bridge_test' for CMake config files
[4.622s] Level 1:colcon.colcon_core.shell:create_environment_hook('ros2_bridge_test', 'cmake_prefix_path')
[4.622s] INFO:colcon.colcon_core.shell:Creating environment hook '/home/amartya/dev_ws/src/ros2_bridge_test/install/ros2_bridge_test/share/ros2_bridge_test/hook/cmake_prefix_path.ps1'
[4.623s] INFO:colcon.colcon_core.shell:Creating environment descriptor '/home/amartya/dev_ws/src/ros2_bridge_test/install/ros2_bridge_test/share/ros2_bridge_test/hook/cmake_prefix_path.dsv'
[4.624s] INFO:colcon.colcon_core.shell:Creating environment hook '/home/amartya/dev_ws/src/ros2_bridge_test/install/ros2_bridge_test/share/ros2_bridge_test/hook/cmake_prefix_path.sh'
[4.625s] Level 1:colcon.colcon_core.environment:checking '/home/amartya/dev_ws/src/ros2_bridge_test/install/ros2_bridge_test/lib'
[4.625s] Level 1:colcon.colcon_core.shell:create_environment_hook('ros2_bridge_test', 'ld_library_path_lib')
[4.625s] INFO:colcon.colcon_core.shell:Creating environment hook '/home/amartya/dev_ws/src/ros2_bridge_test/install/ros2_bridge_test/share/ros2_bridge_test/hook/ld_library_path_lib.ps1'
[4.625s] INFO:colcon.colcon_core.shell:Creating environment descriptor '/home/amartya/dev_ws/src/ros2_bridge_test/install/ros2_bridge_test/share/ros2_bridge_test/hook/ld_library_path_lib.dsv'
[4.626s] INFO:colcon.colcon_core.shell:Creating environment hook '/home/amartya/dev_ws/src/ros2_bridge_test/install/ros2_bridge_test/share/ros2_bridge_test/hook/ld_library_path_lib.sh'
[4.627s] Level 1:colcon.colcon_core.environment:checking '/home/amartya/dev_ws/src/ros2_bridge_test/install/ros2_bridge_test/bin'
[4.627s] Level 1:colcon.colcon_core.environment:checking '/home/amartya/dev_ws/src/ros2_bridge_test/install/ros2_bridge_test/lib/pkgconfig/ros2_bridge_test.pc'
[4.627s] Level 1:colcon.colcon_core.environment:checking '/home/amartya/dev_ws/src/ros2_bridge_test/install/ros2_bridge_test/lib/python3.6/site-packages'
[4.628s] INFO:colcon.colcon_core.shell:Creating package script '/home/amartya/dev_ws/src/ros2_bridge_test/install/ros2_bridge_test/share/ros2_bridge_test/package.ps1'
[4.629s] INFO:colcon.colcon_core.shell:Creating package descriptor '/home/amartya/dev_ws/src/ros2_bridge_test/install/ros2_bridge_test/share/ros2_bridge_test/package.dsv'
[4.629s] INFO:colcon.colcon_core.shell:Creating package script '/home/amartya/dev_ws/src/ros2_bridge_test/install/ros2_bridge_test/share/ros2_bridge_test/package.sh'
[4.630s] INFO:colcon.colcon_core.shell:Creating package script '/home/amartya/dev_ws/src/ros2_bridge_test/install/ros2_bridge_test/share/ros2_bridge_test/package.bash'
[4.631s] INFO:colcon.colcon_core.shell:Creating package script '/home/amartya/dev_ws/src/ros2_bridge_test/install/ros2_bridge_test/share/ros2_bridge_test/package.zsh'
[4.631s] Level 1:colcon.colcon_core.environment:create_file_with_runtime_dependencies(/home/amartya/dev_ws/src/ros2_bridge_test/install/ros2_bridge_test/share/colcon-core/packages/ros2_bridge_test)
[4.632s] DEBUG:colcon.colcon_parallel_executor.executor.parallel:closing loop
[4.632s] DEBUG:colcon.colcon_parallel_executor.executor.parallel:loop closed
[4.632s] DEBUG:colcon.colcon_parallel_executor.executor.parallel:run_until_complete finished with '0'
[4.632s] DEBUG:colcon.colcon_core.event_reactor:joining thread
[4.653s] INFO:colcon.colcon_core.plugin_system:Skipping extension 'colcon_notification.desktop_notification.terminal_notifier': Not used on non-Darwin systems
[4.653s] INFO:colcon.colcon_core.plugin_system:Skipping extension 'colcon_notification.desktop_notification.win32': Not used on non-Windows systems
[4.653s] INFO:colcon.colcon_notification.desktop_notification:Sending desktop notification using 'notify2'
[4.656s] DEBUG:colcon.colcon_core.event_reactor:joined thread
[4.656s] INFO:colcon.colcon_core.shell:Creating prefix script '/home/amartya/dev_ws/src/ros2_bridge_test/install/local_setup.ps1'
[4.657s] INFO:colcon.colcon_core.shell:Creating prefix util module '/home/amartya/dev_ws/src/ros2_bridge_test/install/_local_setup_util_ps1.py'
[4.659s] INFO:colcon.colcon_core.shell:Creating prefix chain script '/home/amartya/dev_ws/src/ros2_bridge_test/install/setup.ps1'
[4.662s] INFO:colcon.colcon_core.shell:Creating prefix script '/home/amartya/dev_ws/src/ros2_bridge_test/install/local_setup.sh'
[4.662s] INFO:colcon.colcon_core.shell:Creating prefix util module '/home/amartya/dev_ws/src/ros2_bridge_test/install/_local_setup_util_sh.py'
[4.663s] INFO:colcon.colcon_core.shell:Creating prefix chain script '/home/amartya/dev_ws/src/ros2_bridge_test/install/setup.sh'
[4.665s] INFO:colcon.colcon_core.shell:Creating prefix script '/home/amartya/dev_ws/src/ros2_bridge_test/install/local_setup.bash'
[4.666s] INFO:colcon.colcon_core.shell:Creating prefix chain script '/home/amartya/dev_ws/src/ros2_bridge_test/install/setup.bash'
[4.669s] INFO:colcon.colcon_core.shell:Creating prefix script '/home/amartya/dev_ws/src/ros2_bridge_test/install/local_setup.zsh'
[4.669s] INFO:colcon.colcon_core.shell:Creating prefix chain script '/home/amartya/dev_ws/src/ros2_bridge_test/install/setup.zsh'
