[0.244s] DEBUG:colcon:Command line arguments: ['/usr/bin/colcon', 'build', '--packages-select', 'ros2_bridge_test']
[0.245s] DEBUG:colcon:Parsed command line arguments: Namespace(ament_cmake_args=None, base_paths=['.'], build_base='build', catkin_cmake_args=None, catkin_skip_building_tests=False, cmake_args=None, cmake_clean_cache=False, cmake_clean_first=False, cmake_force_configure=False, cmake_target=None, cmake_target_skip_unavailable=False, continue_on_error=False, event_handlers=None, executor='parallel', ignore_user_meta=False, install_base='install', log_base=None, log_level=None, main=<bound method BuildVerb.main of <colcon_core.verb.build.BuildVerb object at 0x7f3071e72cc0>>, merge_install=False, metas=['./colcon.meta'], packages_above=None, packages_above_depth=None, packages_end=None, packages_ignore=None, packages_ignore_regex=None, packages_select=['ros2_bridge_test'], packages_select_build_failed=False, packages_select_by_dep=None, packages_select_regex=None, packages_select_test_failures=False, packages_skip=None, packages_skip_build_finished=False, packages_skip_by_dep=None, packages_skip_regex=None, packages_skip_test_passed=False, packages_skip_up_to=None, packages_start=None, packages_up_to=None, parallel_workers=12, paths=None, symlink_install=False, test_result_base=None, verb_extension=<colcon_core.verb.build.BuildVerb object at 0x7f3071e72cc0>, verb_name='build', verb_parser=<colcon_defaults.argument_parser.defaults.DefaultArgumentsDecorator object at 0x7f3071e7e048>)
[0.308s] Level 1:colcon.colcon_core.package_discovery:discover_packages(colcon_meta) check parameters
[0.308s] Level 1:colcon.colcon_core.package_discovery:discover_packages(recursive) check parameters
[0.308s] Level 1:colcon.colcon_core.package_discovery:discover_packages(ignore) check parameters
[0.308s] Level 1:colcon.colcon_core.package_discovery:discover_packages(path) check parameters
[0.308s] Level 1:colcon.colcon_core.package_discovery:discover_packages(colcon_meta) discover
[0.309s] Level 1:colcon.colcon_core.package_discovery:discover_packages(recursive) discover
[0.309s] INFO:colcon.colcon_core.package_discovery:Crawling recursively for packages in '/home/amartya/dev_ws/src/ros2_bridge_test'
[0.309s] Level 1:colcon.colcon_core.package_identification:_identify(.) by extensions ['ignore', 'ignore_ament_install']
[0.309s] Level 1:colcon.colcon_core.package_identification:_identify(.) by extension 'ignore'
[0.309s] Level 1:colcon.colcon_core.package_identification:_identify(.) by extension 'ignore_ament_install'
[0.309s] Level 1:colcon.colcon_core.package_identification:_identify(.) by extensions ['colcon_pkg']
[0.309s] Level 1:colcon.colcon_core.package_identification:_identify(.) by extension 'colcon_pkg'
[0.309s] Level 1:colcon.colcon_core.package_identification:_identify(.) by extensions ['colcon_meta']
[0.309s] Level 1:colcon.colcon_core.package_identification:_identify(.) by extension 'colcon_meta'
[0.309s] Level 1:colcon.colcon_core.package_identification:_identify(.) by extensions ['ros']
[0.309s] Level 1:colcon.colcon_core.package_identification:_identify(.) by extension 'ros'
[0.335s] DEBUG:colcon.colcon_core.package_identification:Package '.' with type 'ros.ament_cmake' and name 'ros2_bridge_test'
[0.335s] Level 1:colcon.colcon_core.package_discovery:discover_packages(recursive) using defaults
[0.335s] Level 1:colcon.colcon_core.package_discovery:discover_packages(ignore) discover
[0.335s] Level 1:colcon.colcon_core.package_discovery:discover_packages(ignore) using defaults
[0.335s] Level 1:colcon.colcon_core.package_discovery:discover_packages(path) discover
[0.336s] Level 1:colcon.colcon_core.package_discovery:discover_packages(path) using defaults
[0.342s] Level 5:colcon.colcon_core.verb:set package 'ros2_bridge_test' build argument 'cmake_args' from command line to 'None'
[0.342s] Level 5:colcon.colcon_core.verb:set package 'ros2_bridge_test' build argument 'cmake_target' from command line to 'None'
[0.342s] Level 5:colcon.colcon_core.verb:set package 'ros2_bridge_test' build argument 'cmake_target_skip_unavailable' from command line to 'False'
[0.342s] Level 5:colcon.colcon_core.verb:set package 'ros2_bridge_test' build argument 'cmake_clean_cache' from command line to 'False'
[0.342s] Level 5:colcon.colcon_core.verb:set package 'ros2_bridge_test' build argument 'cmake_clean_first' from command line to 'False'
[0.342s] Level 5:colcon.colcon_core.verb:set package 'ros2_bridge_test' build argument 'cmake_force_configure' from command line to 'False'
[0.342s] Level 5:colcon.colcon_core.verb:set package 'ros2_bridge_test' build argument 'ament_cmake_args' from command line to 'None'
[0.342s] Level 5:colcon.colcon_core.verb:set package 'ros2_bridge_test' build argument 'catkin_cmake_args' from command line to 'None'
[0.342s] Level 5:colcon.colcon_core.verb:set package 'ros2_bridge_test' build argument 'catkin_skip_building_tests' from command line to 'False'
[0.342s] DEBUG:colcon.colcon_core.verb:Building package 'ros2_bridge_test' with the following arguments: {'ament_cmake_args': None, 'build_base': '/home/amartya/dev_ws/src/ros2_bridge_test/build/ros2_bridge_test', 'catkin_cmake_args': None, 'catkin_skip_building_tests': False, 'cmake_args': None, 'cmake_clean_cache': False, 'cmake_clean_first': False, 'cmake_force_configure': False, 'cmake_target': None, 'cmake_target_skip_unavailable': False, 'install_base': '/home/amartya/dev_ws/src/ros2_bridge_test/install/ros2_bridge_test', 'merge_install': False, 'path': '/home/amartya/dev_ws/src/ros2_bridge_test', 'symlink_install': False, 'test_result_base': None}
[0.343s] INFO:colcon.colcon_core.executor:Executing jobs using 'parallel' executor
[0.344s] DEBUG:colcon.colcon_parallel_executor.executor.parallel:run_until_complete
[0.345s] INFO:colcon.colcon_ros.task.ament_cmake.build:Building ROS package in '/home/amartya/dev_ws/src/ros2_bridge_test' with build type 'ament_cmake'
[0.352s] INFO:colcon.colcon_core.plugin_system:Skipping extension 'colcon_core.shell.bat': Not used on non-Windows systems
[0.352s] INFO:colcon.colcon_cmake.task.cmake.build:Building CMake package in '/home/amartya/dev_ws/src/ros2_bridge_test'
[0.352s] INFO:colcon.colcon_core.shell:Skip shell extension 'powershell' for command environment: Not usable outside of PowerShell
[0.352s] DEBUG:colcon.colcon_core.shell:Skip shell extension 'dsv' for command environment
[0.357s] DEBUG:colcon.colcon_core.shell:Ignoring prefix path '/opt/ros/eloquent'
[0.363s] DEBUG:colcon.colcon_core.event_handler.log_command:Invoking command in '/home/amartya/dev_ws/src/ros2_bridge_test/build/ros2_bridge_test': CMAKE_PREFIX_PATH=${CMAKE_PREFIX_PATH}:/opt/ros/eloquent /usr/bin/cmake /home/amartya/dev_ws/src/ros2_bridge_test -DCMAKE_INSTALL_PREFIX=/home/amartya/dev_ws/src/ros2_bridge_test/install/ros2_bridge_test
[2.693s] DEBUG:colcon.colcon_core.event_handler.log_command:Invoked command in '/home/amartya/dev_ws/src/ros2_bridge_test/build/ros2_bridge_test' returned '0': CMAKE_PREFIX_PATH=${CMAKE_PREFIX_PATH}:/opt/ros/eloquent /usr/bin/cmake /home/amartya/dev_ws/src/ros2_bridge_test -DCMAKE_INSTALL_PREFIX=/home/amartya/dev_ws/src/ros2_bridge_test/install/ros2_bridge_test
[2.695s] DEBUG:colcon.colcon_core.event_handler.log_command:Invoking command in '/home/amartya/dev_ws/src/ros2_bridge_test/build/ros2_bridge_test': CMAKE_PREFIX_PATH=${CMAKE_PREFIX_PATH}:/opt/ros/eloquent /usr/bin/cmake --build /home/amartya/dev_ws/src/ros2_bridge_test/build/ros2_bridge_test -- -j12 -l12
[9.984s] DEBUG:colcon.colcon_core.event_handler.log_command:Invoked command in '/home/amartya/dev_ws/src/ros2_bridge_test/build/ros2_bridge_test' returned '0': CMAKE_PREFIX_PATH=${CMAKE_PREFIX_PATH}:/opt/ros/eloquent /usr/bin/cmake --build /home/amartya/dev_ws/src/ros2_bridge_test/build/ros2_bridge_test -- -j12 -l12
[10.020s] DEBUG:colcon.colcon_core.event_handler.log_command:Invoking command in '/home/amartya/dev_ws/src/ros2_bridge_test/build/ros2_bridge_test': CMAKE_PREFIX_PATH=${CMAKE_PREFIX_PATH}:/opt/ros/eloquent /usr/bin/cmake --build /home/amartya/dev_ws/src/ros2_bridge_test/build/ros2_bridge_test --target install -- -j12 -l12
[10.144s] Level 1:colcon.colcon_core.environment:create_environment_scripts_only(ros2_bridge_test)
[10.146s] DEBUG:colcon.colcon_core.event_handler.log_command:Invoked command in '/home/amartya/dev_ws/src/ros2_bridge_test/build/ros2_bridge_test' returned '0': CMAKE_PREFIX_PATH=${CMAKE_PREFIX_PATH}:/opt/ros/eloquent /usr/bin/cmake --build /home/amartya/dev_ws/src/ros2_bridge_test/build/ros2_bridge_test --target install -- -j12 -l12
[10.152s] Level 1:colcon.colcon_core.environment:checking '/home/amartya/dev_ws/src/ros2_bridge_test/install/ros2_bridge_test' for CMake module files
[10.153s] Level 1:colcon.colcon_core.environment:checking '/home/amartya/dev_ws/src/ros2_bridge_test/install/ros2_bridge_test' for CMake config files
[10.153s] Level 1:colcon.colcon_core.shell:create_environment_hook('ros2_bridge_test', 'cmake_prefix_path')
[10.154s] INFO:colcon.colcon_core.shell:Creating environment hook '/home/amartya/dev_ws/src/ros2_bridge_test/install/ros2_bridge_test/share/ros2_bridge_test/hook/cmake_prefix_path.ps1'
[10.155s] INFO:colcon.colcon_core.shell:Creating environment descriptor '/home/amartya/dev_ws/src/ros2_bridge_test/install/ros2_bridge_test/share/ros2_bridge_test/hook/cmake_prefix_path.dsv'
[10.155s] INFO:colcon.colcon_core.shell:Creating environment hook '/home/amartya/dev_ws/src/ros2_bridge_test/install/ros2_bridge_test/share/ros2_bridge_test/hook/cmake_prefix_path.sh'
[10.157s] Level 1:colcon.colcon_core.environment:checking '/home/amartya/dev_ws/src/ros2_bridge_test/install/ros2_bridge_test/lib'
[10.158s] Level 1:colcon.colcon_core.shell:create_environment_hook('ros2_bridge_test', 'ld_library_path_lib')
[10.159s] INFO:colcon.colcon_core.shell:Creating environment hook '/home/amartya/dev_ws/src/ros2_bridge_test/install/ros2_bridge_test/share/ros2_bridge_test/hook/ld_library_path_lib.ps1'
[10.159s] INFO:colcon.colcon_core.shell:Creating environment descriptor '/home/amartya/dev_ws/src/ros2_bridge_test/install/ros2_bridge_test/share/ros2_bridge_test/hook/ld_library_path_lib.dsv'
[10.159s] INFO:colcon.colcon_core.shell:Creating environment hook '/home/amartya/dev_ws/src/ros2_bridge_test/install/ros2_bridge_test/share/ros2_bridge_test/hook/ld_library_path_lib.sh'
[10.160s] Level 1:colcon.colcon_core.environment:checking '/home/amartya/dev_ws/src/ros2_bridge_test/install/ros2_bridge_test/bin'
[10.160s] Level 1:colcon.colcon_core.environment:checking '/home/amartya/dev_ws/src/ros2_bridge_test/install/ros2_bridge_test/lib/pkgconfig/ros2_bridge_test.pc'
[10.160s] Level 1:colcon.colcon_core.environment:checking '/home/amartya/dev_ws/src/ros2_bridge_test/install/ros2_bridge_test/lib/python3.6/site-packages'
[10.161s] INFO:colcon.colcon_core.shell:Creating package script '/home/amartya/dev_ws/src/ros2_bridge_test/install/ros2_bridge_test/share/ros2_bridge_test/package.ps1'
[10.162s] INFO:colcon.colcon_core.shell:Creating package descriptor '/home/amartya/dev_ws/src/ros2_bridge_test/install/ros2_bridge_test/share/ros2_bridge_test/package.dsv'
[10.162s] INFO:colcon.colcon_core.shell:Creating package script '/home/amartya/dev_ws/src/ros2_bridge_test/install/ros2_bridge_test/share/ros2_bridge_test/package.sh'
[10.164s] INFO:colcon.colcon_core.shell:Creating package script '/home/amartya/dev_ws/src/ros2_bridge_test/install/ros2_bridge_test/share/ros2_bridge_test/package.bash'
[10.165s] INFO:colcon.colcon_core.shell:Creating package script '/home/amartya/dev_ws/src/ros2_bridge_test/install/ros2_bridge_test/share/ros2_bridge_test/package.zsh'
[10.166s] Level 1:colcon.colcon_core.environment:create_file_with_runtime_dependencies(/home/amartya/dev_ws/src/ros2_bridge_test/install/ros2_bridge_test/share/colcon-core/packages/ros2_bridge_test)
[10.167s] DEBUG:colcon.colcon_parallel_executor.executor.parallel:closing loop
[10.167s] DEBUG:colcon.colcon_parallel_executor.executor.parallel:loop closed
[10.167s] DEBUG:colcon.colcon_parallel_executor.executor.parallel:run_until_complete finished with '0'
[10.167s] DEBUG:colcon.colcon_core.event_reactor:joining thread
[10.185s] INFO:colcon.colcon_core.plugin_system:Skipping extension 'colcon_notification.desktop_notification.terminal_notifier': Not used on non-Darwin systems
[10.185s] INFO:colcon.colcon_core.plugin_system:Skipping extension 'colcon_notification.desktop_notification.win32': Not used on non-Windows systems
[10.185s] INFO:colcon.colcon_notification.desktop_notification:Sending desktop notification using 'notify2'
[10.188s] DEBUG:colcon.colcon_core.event_reactor:joined thread
[10.188s] INFO:colcon.colcon_core.shell:Creating prefix script '/home/amartya/dev_ws/src/ros2_bridge_test/install/local_setup.ps1'
[10.190s] INFO:colcon.colcon_core.shell:Creating prefix util module '/home/amartya/dev_ws/src/ros2_bridge_test/install/_local_setup_util_ps1.py'
[10.191s] INFO:colcon.colcon_core.shell:Creating prefix chain script '/home/amartya/dev_ws/src/ros2_bridge_test/install/setup.ps1'
[10.194s] INFO:colcon.colcon_core.shell:Creating prefix script '/home/amartya/dev_ws/src/ros2_bridge_test/install/local_setup.sh'
[10.194s] INFO:colcon.colcon_core.shell:Creating prefix util module '/home/amartya/dev_ws/src/ros2_bridge_test/install/_local_setup_util_sh.py'
[10.195s] INFO:colcon.colcon_core.shell:Creating prefix chain script '/home/amartya/dev_ws/src/ros2_bridge_test/install/setup.sh'
[10.197s] INFO:colcon.colcon_core.shell:Creating prefix script '/home/amartya/dev_ws/src/ros2_bridge_test/install/local_setup.bash'
[10.198s] INFO:colcon.colcon_core.shell:Creating prefix chain script '/home/amartya/dev_ws/src/ros2_bridge_test/install/setup.bash'
[10.200s] INFO:colcon.colcon_core.shell:Creating prefix script '/home/amartya/dev_ws/src/ros2_bridge_test/install/local_setup.zsh'
[10.200s] INFO:colcon.colcon_core.shell:Creating prefix chain script '/home/amartya/dev_ws/src/ros2_bridge_test/install/setup.zsh'
